This is XeTeX, Version 3.14159265-2.6-0.99996 (TeX Live 2016/W32TeX) (preloaded format=xelatex 2016.12.2)  30 AUG 2017 11:41
entering extended mode
 restricted \write18 enabled.
 %&-line parsing enabled.
**./a2.tex
(./a2.tex
LaTeX2e <2016/03/31> patch level 3
Babel <3.9r> and hyphenation patterns for 83 language(s) loaded.
(c:/texlive/2016/texmf-dist/tex/latex/base/report.cls
Document Class: report 2014/09/29 v1.4h Standard LaTeX document class
(c:/texlive/2016/texmf-dist/tex/latex/base/size11.clo
File: size11.clo 2014/09/29 v1.4h Standard LaTeX file (size option)
)
\c@part=\count79
\c@chapter=\count80
\c@section=\count81
\c@subsection=\count82
\c@subsubsection=\count83
\c@paragraph=\count84
\c@subparagraph=\count85
\c@figure=\count86
\c@table=\count87
\abovecaptionskip=\skip41
\belowcaptionskip=\skip42
\bibindent=\dimen102
)
(c:/texlive/2016/texmf-dist/tex/generic/babel/babel.sty
Package: babel 2016/04/23 3.9r The Babel package

(c:/texlive/2016/texmf-dist/tex/generic/babel-english/english.ldf
Language: english 2012/08/20 v3.3p English support from the babel system

(c:/texlive/2016/texmf-dist/tex/generic/babel/babel.def
File: babel.def 2016/04/23 3.9r Babel common definitions
\babel@savecnt=\count88
\U@D=\dimen103

(c:/texlive/2016/texmf-dist/tex/generic/babel/xebabel.def))
\l@canadian = a dialect from \language\l@american 
\l@australian = a dialect from \language\l@british 
\l@newzealand = a dialect from \language\l@british 
))
(c:/texlive/2016/texmf-dist/tex/latex/amsmath/amsmath.sty
Package: amsmath 2016/06/28 v2.15d AMS math features
\@mathmargin=\skip43

For additional information on amsmath, use the `?' option.
(c:/texlive/2016/texmf-dist/tex/latex/amsmath/amstext.sty
Package: amstext 2000/06/29 v2.01 AMS text

(c:/texlive/2016/texmf-dist/tex/latex/amsmath/amsgen.sty
File: amsgen.sty 1999/11/30 v2.0 generic functions
\@emptytoks=\toks14
\ex@=\dimen104
))
(c:/texlive/2016/texmf-dist/tex/latex/amsmath/amsbsy.sty
Package: amsbsy 1999/11/29 v1.2d Bold Symbols
\pmbraise@=\dimen105
)
(c:/texlive/2016/texmf-dist/tex/latex/amsmath/amsopn.sty
Package: amsopn 2016/03/08 v2.02 operator names
)
\inf@bad=\count89
LaTeX Info: Redefining \frac on input line 199.
\uproot@=\count90
\leftroot@=\count91
LaTeX Info: Redefining \overline on input line 297.
\classnum@=\count92
\DOTSCASE@=\count93
LaTeX Info: Redefining \ldots on input line 394.
LaTeX Info: Redefining \dots on input line 397.
LaTeX Info: Redefining \cdots on input line 518.
\Mathstrutbox@=\box26
\strutbox@=\box27
\big@size=\dimen106
LaTeX Font Info:    Redeclaring font encoding OML on input line 634.
LaTeX Font Info:    Redeclaring font encoding OMS on input line 635.
\macc@depth=\count94
\c@MaxMatrixCols=\count95
\dotsspace@=\muskip10
\c@parentequation=\count96
\dspbrk@lvl=\count97
\tag@help=\toks15
\row@=\count98
\column@=\count99
\maxfields@=\count100
\andhelp@=\toks16
\eqnshift@=\dimen107
\alignsep@=\dimen108
\tagshift@=\dimen109
\tagwidth@=\dimen110
\totwidth@=\dimen111
\lineht@=\dimen112
\@envbody=\toks17
\multlinegap=\skip44
\multlinetaggap=\skip45
\mathdisplay@stack=\toks18
LaTeX Info: Redefining \[ on input line 2739.
LaTeX Info: Redefining \] on input line 2740.
)
(c:/texlive/2016/texmf-dist/tex/latex/amscls/amsthm.sty
Package: amsthm 2015/03/04 v2.20.2
\thm@style=\toks19
\thm@bodyfont=\toks20
\thm@headfont=\toks21
\thm@notefont=\toks22
\thm@headpunct=\toks23
\thm@preskip=\skip46
\thm@postskip=\skip47
\thm@headsep=\skip48
\dth@everypar=\toks24
)
(c:/texlive/2016/texmf-dist/tex/latex/amsfonts/amsfonts.sty
Package: amsfonts 2013/01/14 v3.01 Basic AMSFonts support
\symAMSa=\mathgroup4
\symAMSb=\mathgroup5
LaTeX Font Info:    Overwriting math alphabet `\mathfrak' in version `bold'
(Font)                  U/euf/m/n --> U/euf/b/n on input line 106.
)
(c:/texlive/2016/texmf-dist/tex/latex/amsfonts/amssymb.sty
Package: amssymb 2013/01/14 v3.01 AMS font symbols
)
(c:/texlive/2016/texmf-dist/tex/latex/graphics/graphicx.sty
Package: graphicx 2014/10/28 v1.0g Enhanced LaTeX Graphics (DPC,SPQR)

(c:/texlive/2016/texmf-dist/tex/latex/graphics/keyval.sty
Package: keyval 2014/10/28 v1.15 key=value parser (DPC)
\KV@toks@=\toks25
)
(c:/texlive/2016/texmf-dist/tex/latex/graphics/graphics.sty
Package: graphics 2016/07/10 v1.0t Standard LaTeX Graphics (DPC,SPQR)

(c:/texlive/2016/texmf-dist/tex/latex/graphics/trig.sty
Package: trig 2016/01/03 v1.10 sin cos tan (DPC)
)
(c:/texlive/2016/texmf-dist/tex/latex/graphics-cfg/graphics.cfg
File: graphics.cfg 2016/06/04 v1.11 sample graphics configuration
)
Package graphics Info: Driver file: xetex.def on input line 99.

(c:/texlive/2016/texmf-dist/tex/latex/graphics-def/xetex.def
File: xetex.def 2016/07/11 v4.10 LaTeX color/graphics driver for XeTeX (L3/RRM/
JK)
))
\Gin@req@height=\dimen113
\Gin@req@width=\dimen114
)
(c:/texlive/2016/texmf-dist/tex/latex/tools/tabularx.sty
Package: tabularx 2016/02/03 v2.11 `tabularx' package (DPC)

(c:/texlive/2016/texmf-dist/tex/latex/tools/array.sty
Package: array 2014/10/28 v2.4c Tabular extension package (FMi)
\col@sep=\dimen115
\extrarowheight=\dimen116
\NC@list=\toks26
\extratabsurround=\skip49
\backup@length=\skip50
)
\TX@col@width=\dimen117
\TX@old@table=\dimen118
\TX@old@col=\dimen119
\TX@target=\dimen120
\TX@delta=\dimen121
\TX@cols=\count101
\TX@ftn=\toks27
)
(c:/texlive/2016/texmf-dist/tex/latex/oberdiek/epstopdf.sty
Package: epstopdf 2016/05/15 v2.6 Conversion with epstopdf on the fly (HO)

(c:/texlive/2016/texmf-dist/tex/latex/oberdiek/epstopdf-base.sty
Package: epstopdf-base 2016/05/15 v2.6 Base part for package epstopdf

(c:/texlive/2016/texmf-dist/tex/generic/oberdiek/infwarerr.sty
Package: infwarerr 2016/05/16 v1.4 Providing info/warning/error messages (HO)
)
(c:/texlive/2016/texmf-dist/tex/latex/oberdiek/grfext.sty
Package: grfext 2016/05/16 v1.2 Manage graphics extensions (HO)

(c:/texlive/2016/texmf-dist/tex/generic/oberdiek/kvdefinekeys.sty
Package: kvdefinekeys 2016/05/16 v1.4 Define keys (HO)

(c:/texlive/2016/texmf-dist/tex/generic/oberdiek/ltxcmds.sty
Package: ltxcmds 2016/05/16 v1.23 LaTeX kernel commands for general use (HO)
)))
(c:/texlive/2016/texmf-dist/tex/latex/oberdiek/kvoptions.sty
Package: kvoptions 2016/05/16 v3.12 Key value format for package options (HO)

(c:/texlive/2016/texmf-dist/tex/generic/oberdiek/kvsetkeys.sty
Package: kvsetkeys 2016/05/16 v1.17 Key value parser (HO)

(c:/texlive/2016/texmf-dist/tex/generic/oberdiek/etexcmds.sty
Package: etexcmds 2016/05/16 v1.6 Avoid name clashes with e-TeX commands (HO)

(c:/texlive/2016/texmf-dist/tex/generic/oberdiek/ifluatex.sty
Package: ifluatex 2016/05/16 v1.4 Provides the ifluatex switch (HO)
Package ifluatex Info: LuaTeX not detected.
)
Package etexcmds Info: Could not find \expanded.
(etexcmds)             That can mean that you are not using pdfTeX 1.50 or
(etexcmds)             that some package has redefined \expanded.
(etexcmds)             In the latter case, load this package earlier.
)))
(c:/texlive/2016/texmf-dist/tex/generic/oberdiek/pdftexcmds.sty
Package: pdftexcmds 2016/05/21 v0.22 Utility functions of pdfTeX for LuaTeX (HO
)

(c:/texlive/2016/texmf-dist/tex/generic/oberdiek/ifpdf.sty
Package: ifpdf 2016/05/14 v3.1 Provides the ifpdf switch
)
Package pdftexcmds Info: LuaTeX not detected.
Package pdftexcmds Info: pdfTeX >= 1.30 not detected.
Package pdftexcmds Info: \pdf@primitive is available.
Package pdftexcmds Info: \pdf@ifprimitive is available.
Package pdftexcmds Info: \pdfdraftmode not found.
)

Package epstopdf Warning: Drivers other than `pdftex' and `luatex' are not supp
orted.

))
\c@thm=\count102
 (./a2.aux)
\openout1 = `a2.aux'.

LaTeX Font Info:    Checking defaults for OML/cmm/m/it on input line 30.
LaTeX Font Info:    ... okay on input line 30.
LaTeX Font Info:    Checking defaults for T1/cmr/m/n on input line 30.
LaTeX Font Info:    ... okay on input line 30.
LaTeX Font Info:    Checking defaults for OT1/cmr/m/n on input line 30.
LaTeX Font Info:    ... okay on input line 30.
LaTeX Font Info:    Checking defaults for OMS/cmsy/m/n on input line 30.
LaTeX Font Info:    ... okay on input line 30.
LaTeX Font Info:    Checking defaults for OMX/cmex/m/n on input line 30.
LaTeX Font Info:    ... okay on input line 30.
LaTeX Font Info:    Checking defaults for U/cmr/m/n on input line 30.
LaTeX Font Info:    ... okay on input line 30.
LaTeX Font Info:    Try loading font information for U+msa on input line 34.
 (c:/texlive/2016/texmf-dist/tex/latex/amsfonts/umsa.fd
File: umsa.fd 2013/01/14 v3.01 AMS symbols A
)
LaTeX Font Info:    Try loading font information for U+msb on input line 34.

(c:/texlive/2016/texmf-dist/tex/latex/amsfonts/umsb.fd
File: umsb.fd 2013/01/14 v3.01 AMS symbols B
)
Overfull \hbox (17.0pt too wide) in paragraph at lines 34--45
[][] 
 []


Overfull \hbox (36.96773pt too wide) in paragraph at lines 96--96
 []\OT1/cmtt/m/n/10.95 +   con = outer(1:lenc, d.minnum, function(num, minnum) 
num == minnum)[] 
 []


Overfull \vbox (56.28644pt too high) has occurred while \output is active []


[1

]
Overfull \hbox (18.62639pt too wide) in paragraph at lines 122--122
 []\OT1/cmtt/m/n/10.95 > sign.matrix = function(x) outer(x, x, function(x1, x2)
 sign(x1 - x2)) 
 []


Overfull \vbox (56.28644pt too high) has occurred while \output is active []


[2]
Overfull \hbox (36.96773pt too wide) in paragraph at lines 249--249
 [] \OT1/cmtt/m/n/10.95 [1] "Atlanta Hawks"          "Boston Celtics"         "
Brooklyn Nets"[] 
 []


Overfull \hbox (54.21379pt too wide) in paragraph at lines 249--249
 [] \OT1/cmtt/m/n/10.95 [5] "Chicago Bulls"          "Cleveland Cavaliers"    "
Dallas Mavericks"[] 
 []


Overfull \hbox (48.4651pt too wide) in paragraph at lines 249--249
 [] \OT1/cmtt/m/n/10.95 [9] "Detroit Pistons"        "Golden State Warriors"  "
Houston Rockets"[] 
 []


Overfull \hbox (59.96248pt too wide) in paragraph at lines 249--249
 []\OT1/cmtt/m/n/10.95 [13] "Los Angeles Clippers"   "Los Angeles Lakers"     "
Memphis Grizzlies"[] 
 []


Overfull \hbox (77.20854pt too wide) in paragraph at lines 249--249
 []\OT1/cmtt/m/n/10.95 [17] "Milwaukee Bucks"        "Minnesota Timberwolves" "
New Orleans Pelicans"[] 
 []


Overfull \hbox (65.71117pt too wide) in paragraph at lines 249--249
 []\OT1/cmtt/m/n/10.95 [21] "Oklahoma City Thunder"  "Orlando Magic"          "
Philadelphia 76ers"[] 
 []


Overfull \hbox (59.96248pt too wide) in paragraph at lines 249--249
 []\OT1/cmtt/m/n/10.95 [25] "Portland Trail Blazers" "Sacramento Kings"       "
San Antonio Spurs"[] 
 []


Overfull \vbox (56.28644pt too high) has occurred while \output is active []


[3]
Overfull \hbox (48.4651pt too wide) in paragraph at lines 249--249
 []\OT1/cmtt/m/n/10.95 > rank.table = data.frame(nba.names, rr.value, stringsAs
Factors = FALSE)[] 
 []


Overfull \hbox (65.71117pt too wide) in paragraph at lines 249--249
 []\OT1/cmtt/m/n/10.95 > ordered.rank = rank.table[order(rank.table$rr.value, d
ecreasing = TRUE),][] 
 []


Overfull \vbox (56.28644pt too high) has occurred while \output is active []


[4]
Overfull \hbox (31.21904pt too wide) in paragraph at lines 298--298
 []\OT1/cmtt/m/n/10.95 +     mtx1 = outer(r[i], r[-i], function(ri, rj) rj / ri
 * (ri + rj))[] 
 []


Overfull \hbox (88.70592pt too wide) in paragraph at lines 298--298
 []\OT1/cmtt/m/n/10.95 +     deriv1 = c(t(mtx1), 1 / r[i]) * times1[(rlen * (i 
- 1) + 1) : (rlen * i)][] 
 []


Overfull \hbox (134.69542pt too wide) in paragraph at lines 298--298
 []\OT1/cmtt/m/n/10.95 +     deriv2 = c(t(mtx2), 1 / (s - sum(r))) * times2[(rl
en * (i - 1) + 1) : (rlen * i)][] 
 []


Overfull \hbox (59.96248pt too wide) in paragraph at lines 298--298
 []\OT1/cmtt/m/n/10.95 +     gradients[i] = log.likelihood.r.deriv(r, i, nba.df
$wins, wins.team2)[] 
 []


Overfull \vbox (56.28644pt too high) has occurred while \output is active []


[5]
Overfull \hbox (8.22429pt too wide) in paragraph at lines 298--298
 []\OT1/cmtt/m/n/10.95 > result.deriv = optim(seq(1, 29, length = 29), Q, gr = 
Q.derivs,[] 
 []


Overfull \hbox (2.4756pt too wide) in paragraph at lines 298--298
 [] \OT1/cmtt/m/n/10.95 [1]  1  2  3  4  5  6  7  8  9 10 11 12 13 14 15 16 17 
18 19 20[] 
 []


Overfull \hbox (42.71642pt too wide) in paragraph at lines 328--328
 []\OT1/cmtt/m/n/10.95 +     ans[i] = -log.likelihood.r(ranks[-length(ranks)], 
nba.df$wins, s)[] 
 []


Overfull \vbox (56.28644pt too high) has occurred while \output is active []


[6]
File: a2_contour.eps Graphic file (type eps)
 <a2_contour.eps>
Overfull \hbox (51.46509pt too wide) in paragraph at lines 329--330
[][] 
 []


Overfull \vbox (56.28644pt too high) has occurred while \output is active []


[7]
File: a2_profile.eps Graphic file (type eps)
 <a2_profile.eps>
Overfull \hbox (51.46509pt too wide) in paragraph at lines 345--346
[] 
 []


Overfull \vbox (56.28644pt too high) has occurred while \output is active []


[8] (./a2.aux) )
(\end occurred when \ifx on line 161 was incomplete) 
Here is how much of TeX's memory you used:
 2579 strings out of 493589
 32829 string characters out of 6146760
 100882 words of memory out of 5000000
 5948 multiletter control sequences out of 15000+600000
 8764 words of font info for 34 fonts, out of 8000000 for 9000
 1347 hyphenation exceptions out of 8191
 42i,6n,24p,298b,371s stack positions out of 5000i,500n,10000p,200000b,80000s

Output written on a2.pdf (8 pages).
