This is pdfTeX, Version 3.1415926-2.3-1.40.12 (MiKTeX 2.9) (preloaded format=pdflatex 2017.4.13)  5 AUG 2017 09:41
entering extended mode
**Assignment1_784_final.tex
("E:\My Documents\UoA Study\784\assignments\784\Assignment1_784_final.tex"
LaTeX2e <2011/06/27>
Babel <v3.8m> and hyphenation patterns for loaded.
(C:\my\CTEX\MiKTeX\tex\latex\base\article.cls
Document Class: article 2007/10/19 v1.4h Standard LaTeX document class
(C:\my\CTEX\MiKTeX\tex\latex\base\size10.clo
File: size10.clo 2007/10/19 v1.4h Standard LaTeX file (size option)
)
\c@part=\count79
\c@section=\count80
\c@subsection=\count81
\c@subsubsection=\count82
\c@paragraph=\count83
\c@subparagraph=\count84
\c@figure=\count85
\c@table=\count86
\abovecaptionskip=\skip41
\belowcaptionskip=\skip42
\bibindent=\dimen102
)
(C:\my\CTEX\MiKTeX\tex\latex\ams\math\amsmath.sty
Package: amsmath 2000/07/18 v2.13 AMS math features
\@mathmargin=\skip43

For additional information on amsmath, use the `?' option.
(C:\my\CTEX\MiKTeX\tex\latex\ams\math\amstext.sty
Package: amstext 2000/06/29 v2.01

(C:\my\CTEX\MiKTeX\tex\latex\ams\math\amsgen.sty
File: amsgen.sty 1999/11/30 v2.0
\@emptytoks=\toks14
\ex@=\dimen103
))
(C:\my\CTEX\MiKTeX\tex\latex\ams\math\amsbsy.sty
Package: amsbsy 1999/11/29 v1.2d
\pmbraise@=\dimen104
)
(C:\my\CTEX\MiKTeX\tex\latex\ams\math\amsopn.sty
Package: amsopn 1999/12/14 v2.01 operator names
)
\inf@bad=\count87
LaTeX Info: Redefining \frac on input line 211.
\uproot@=\count88
\leftroot@=\count89
LaTeX Info: Redefining \overline on input line 307.
\classnum@=\count90
\DOTSCASE@=\count91
LaTeX Info: Redefining \ldots on input line 379.
LaTeX Info: Redefining \dots on input line 382.
LaTeX Info: Redefining \cdots on input line 467.
\Mathstrutbox@=\box26
\strutbox@=\box27
\big@size=\dimen105
LaTeX Font Info:    Redeclaring font encoding OML on input line 567.
LaTeX Font Info:    Redeclaring font encoding OMS on input line 568.
\macc@depth=\count92
\c@MaxMatrixCols=\count93
\dotsspace@=\muskip10
\c@parentequation=\count94
\dspbrk@lvl=\count95
\tag@help=\toks15
\row@=\count96
\column@=\count97
\maxfields@=\count98
\andhelp@=\toks16
\eqnshift@=\dimen106
\alignsep@=\dimen107
\tagshift@=\dimen108
\tagwidth@=\dimen109
\totwidth@=\dimen110
\lineht@=\dimen111
\@envbody=\toks17
\multlinegap=\skip44
\multlinetaggap=\skip45
\mathdisplay@stack=\toks18
LaTeX Info: Redefining \[ on input line 2666.
LaTeX Info: Redefining \] on input line 2667.
)
(C:\my\CTEX\MiKTeX\tex\latex\amsfonts\amsfonts.sty
Package: amsfonts 2009/06/22 v3.00 Basic AMSFonts support
\symAMSa=\mathgroup4
\symAMSb=\mathgroup5
LaTeX Font Info:    Overwriting math alphabet `\mathfrak' in version `bold'
(Font)                  U/euf/m/n --> U/euf/b/n on input line 96.
)
(C:\my\CTEX\MiKTeX\tex\latex\amsfonts\amssymb.sty
Package: amssymb 2009/06/22 v3.00
)
(C:\my\CTEX\MiKTeX\tex\latex\graphics\graphicx.sty
Package: graphicx 1999/02/16 v1.0f Enhanced LaTeX Graphics (DPC,SPQR)

(C:\my\CTEX\MiKTeX\tex\latex\graphics\keyval.sty
Package: keyval 1999/03/16 v1.13 key=value parser (DPC)
\KV@toks@=\toks19
)
(C:\my\CTEX\MiKTeX\tex\latex\graphics\graphics.sty
Package: graphics 2009/02/05 v1.0o Standard LaTeX Graphics (DPC,SPQR)

(C:\my\CTEX\MiKTeX\tex\latex\graphics\trig.sty
Package: trig 1999/03/16 v1.09 sin cos tan (DPC)
)
(C:\my\CTEX\MiKTeX\tex\latex\00miktex\graphics.cfg
File: graphics.cfg 2007/01/18 v1.5 graphics configuration of teTeX/TeXLive
)
Package graphics Info: Driver file: pdftex.def on input line 91.

(C:\my\CTEX\MiKTeX\tex\latex\pdftex-def\pdftex.def
File: pdftex.def 2011/05/27 v0.06d Graphics/color for pdfTeX

(C:\my\CTEX\MiKTeX\tex\generic\oberdiek\infwarerr.sty
Package: infwarerr 2010/04/08 v1.3 Providing info/warning/message (HO)
)
(C:\my\CTEX\MiKTeX\tex\generic\oberdiek\ltxcmds.sty
Package: ltxcmds 2011/04/18 v1.20 LaTeX kernel commands for general use (HO)
)
\Gread@gobject=\count99
))
\Gin@req@height=\dimen112
\Gin@req@width=\dimen113
)
(C:\my\CTEX\MiKTeX\tex\latex\oberdiek\epstopdf.sty
Package: epstopdf 2010/02/09 v2.5 Conversion with epstopdf on the fly (HO)

(C:\my\CTEX\MiKTeX\tex\latex\oberdiek\epstopdf-base.sty
Package: epstopdf-base 2010/02/09 v2.5 Base part for package epstopdf

(C:\my\CTEX\MiKTeX\tex\latex\oberdiek\grfext.sty
Package: grfext 2010/08/19 v1.1 Managing graphics extensions (HO)

(C:\my\CTEX\MiKTeX\tex\generic\oberdiek\kvdefinekeys.sty
Package: kvdefinekeys 2011/04/07 v1.3 Defining keys (HO)
))
(C:\my\CTEX\MiKTeX\tex\latex\oberdiek\kvoptions.sty
Package: kvoptions 2010/12/23 v3.10 Keyval support for LaTeX options (HO)

(C:\my\CTEX\MiKTeX\tex\generic\oberdiek\kvsetkeys.sty
Package: kvsetkeys 2011/04/07 v1.13 Key value parser (HO)

(C:\my\CTEX\MiKTeX\tex\generic\oberdiek\etexcmds.sty
Package: etexcmds 2011/02/16 v1.5 Prefix for e-TeX command names (HO)

(C:\my\CTEX\MiKTeX\tex\generic\oberdiek\ifluatex.sty
Package: ifluatex 2010/03/01 v1.3 Provides the ifluatex switch (HO)
Package ifluatex Info: LuaTeX not detected.
)
Package etexcmds Info: Could not find \expanded.
(etexcmds)             That can mean that you are not using pdfTeX 1.50 or
(etexcmds)             that some package has redefined \expanded.
(etexcmds)             In the latter case, load this package earlier.
)))
(C:\my\CTEX\MiKTeX\tex\generic\oberdiek\pdftexcmds.sty
Package: pdftexcmds 2011/04/22 v0.16 Utilities of pdfTeX for LuaTeX (HO)

(C:\my\CTEX\MiKTeX\tex\generic\oberdiek\ifpdf.sty
Package: ifpdf 2011/01/30 v2.3 Provides the ifpdf switch (HO)
Package ifpdf Info: pdfTeX in PDF mode is detected.
)
Package pdftexcmds Info: LuaTeX not detected.
Package pdftexcmds Info: \pdf@primitive is available.
Package pdftexcmds Info: \pdf@ifprimitive is available.
Package pdftexcmds Info: \pdfdraftmode found.
)
Package grfext Info: Graphics extension search list:
(grfext)             [.png,.pdf,.jpg,.mps,.jpeg,.jbig2,.jb2,.PNG,.PDF,.JPG,.JPE
G,.JBIG2,.JB2,.eps]
(grfext)             \AppendGraphicsExtensions on input line 452.
))
\c@theorem=\count100

No file Assignment1_784_final.aux.
LaTeX Font Info:    Checking defaults for OML/cmm/m/it on input line 62.
LaTeX Font Info:    ... okay on input line 62.
LaTeX Font Info:    Checking defaults for T1/cmr/m/n on input line 62.
LaTeX Font Info:    ... okay on input line 62.
LaTeX Font Info:    Checking defaults for OT1/cmr/m/n on input line 62.
LaTeX Font Info:    ... okay on input line 62.
LaTeX Font Info:    Checking defaults for OMS/cmsy/m/n on input line 62.
LaTeX Font Info:    ... okay on input line 62.
LaTeX Font Info:    Checking defaults for OMX/cmex/m/n on input line 62.
LaTeX Font Info:    ... okay on input line 62.
LaTeX Font Info:    Checking defaults for U/cmr/m/n on input line 62.
LaTeX Font Info:    ... okay on input line 62.
(C:\my\CTEX\MiKTeX\tex\context\base\supp-pdf.mkii
[Loading MPS to PDF converter (version 2006.09.02).]
\scratchcounter=\count101
\scratchdimen=\dimen114
\scratchbox=\box28
\nofMPsegments=\count102
\nofMParguments=\count103
\everyMPshowfont=\toks20
\MPscratchCnt=\count104
\MPscratchDim=\dimen115
\MPnumerator=\count105
\makeMPintoPDFobject=\count106
\everyMPtoPDFconversion=\toks21
)
LaTeX Font Info:    Try loading font information for U+msa on input line 68.
 (C:\my\CTEX\MiKTeX\tex\latex\amsfonts\umsa.fd
File: umsa.fd 2009/06/22 v3.00 AMS symbols A
)
LaTeX Font Info:    Try loading font information for U+msb on input line 68.

(C:\my\CTEX\MiKTeX\tex\latex\amsfonts\umsb.fd
File: umsb.fd 2009/06/22 v3.00 AMS symbols B
)
Missing character: There is no â in font cmr10!
Missing character: There is no € in font cmr10!
Missing character: There is no œ in font cmr10!
Missing character: There is no â in font cmr10!
Missing character: There is no € in font cmr10!
Missing character: There is no  in font cmr10!

Overfull \vbox (47.75095pt too high) has occurred while \output is active []


[1

{C:/my/CTEX/UserData/pdftex/config/pdftex.map{Unicode.sfd}{UGBK.sfd}}]
Missing character: There is no â in font cmr10!
Missing character: There is no € in font cmr10!
Missing character: There is no “ in font cmr10!

Overfull \vbox (47.75095pt too high) has occurred while \output is active []


[2]
Overfull \hbox (57.92451pt too wide) in paragraph at lines 169--169
[]\OT1/cmtt/m/n/10 > URL = "https://www.stat.auckland.ac.nz/~lee/784/Assignment
s/kc_house_data.csv"[] 
 []


Overfull \hbox (0.17502pt too wide) in paragraph at lines 169--169
[]\OT1/cmtt/m/n/10 > names(input.df) = c("id", "date", "price", "bedrooms", "ba
throoms",[] 
 []


Overfull \hbox (5.42497pt too wide) in paragraph at lines 169--169
[]          \OT1/cmtt/m/n/10 id            date   price bedrooms bathrooms sqft
lv sqftlot[] 
 []


Overfull \hbox (5.42497pt too wide) in paragraph at lines 169--169
[]\OT1/cmtt/m/n/10 1 7129300520 20141013T000000  221900        3      1.00   11
80    5650[] 
 []


Overfull \hbox (5.42497pt too wide) in paragraph at lines 169--169
[]\OT1/cmtt/m/n/10 2 6414100192 20141209T000000  538000        3      2.25   25
70    7242[] 
 []


Overfull \hbox (5.42497pt too wide) in paragraph at lines 169--169
[]\OT1/cmtt/m/n/10 3 5631500400 20150225T000000  180000        2      1.00    7
70   10000[] 
 []


Overfull \hbox (5.42497pt too wide) in paragraph at lines 169--169
[]\OT1/cmtt/m/n/10 4 2487200875 20141209T000000  604000        4      3.00   19
60    5000[] 
 []


Overfull \hbox (5.42497pt too wide) in paragraph at lines 169--169
[]\OT1/cmtt/m/n/10 5 1954400510 20150218T000000  510000        3      2.00   16
80    8080[] 
 []


Overfull \hbox (5.42497pt too wide) in paragraph at lines 169--169
[]\OT1/cmtt/m/n/10 6 7237550310 20140512T000000 1225000        4      4.50   54
20  101930[] 
 []


Overfull \hbox (36.9247pt too wide) in paragraph at lines 169--169
[] \OT1/cmtt/m/n/10 $ date     : Factor w/ 372 levels "20140502T000000",..: 165
 221 291 221 284[] 
 []


Overfull \vbox (47.75095pt too high) has occurred while \output is active []


[3]
Overfull \hbox (10.67493pt too wide) in paragraph at lines 169--169
[] \OT1/cmtt/m/n/10 $ sqftlv   : int  1180 2570 770 1960 1680 5420 1715 1060 17
80 1890 ...[] 
 []


Overfull \hbox (31.67474pt too wide) in paragraph at lines 169--169
[] \OT1/cmtt/m/n/10 $ sqftlot  : int  5650 7242 10000 5000 8080 101930 6819 971
1 7470 6560 ...[] 
 []


Overfull \hbox (36.9247pt too wide) in paragraph at lines 169--169
[] \OT1/cmtt/m/n/10 $ view     : Factor w/ 5 levels "0","1","2","3",..: 1 1 1 1
 1 1 1 1 1 1 ...[] 
 []


Overfull \hbox (10.67493pt too wide) in paragraph at lines 169--169
[] \OT1/cmtt/m/n/10 $ sqfta    : int  1180 2170 770 1050 1680 3890 1715 1060 10
50 1890 ...[] 
 []


Overfull \hbox (15.92488pt too wide) in paragraph at lines 169--169
[] \OT1/cmtt/m/n/10 $ yrb      : int  1955 1951 1933 1965 1987 2001 1995 1963 1
960 2003 ...[] 
 []


Overfull \hbox (57.92451pt too wide) in paragraph at lines 169--169
[] \OT1/cmtt/m/n/10 $ yrr      : Factor w/ 70 levels "0","1934","1940",..: 1 46
 1 1 1 1 1 1 1 1 ...[] 
 []


Overfull \hbox (68.42442pt too wide) in paragraph at lines 169--169
[] \OT1/cmtt/m/n/10 $ zip      : int  98178 98125 98028 98136 98074 98053 98003
 98198 98146 98038 ...[] 
 []


Overfull \hbox (15.92488pt too wide) in paragraph at lines 169--169
[] \OT1/cmtt/m/n/10 $ sqftlv15 : int  1340 1690 2720 1360 1800 4760 2238 1650 1
780 2390 ...[] 
 []


Overfull \hbox (26.42479pt too wide) in paragraph at lines 169--169
[] \OT1/cmtt/m/n/10 $ sqftlot15: int  5650 7639 8062 5000 7503 101930 6819 9711
 8113 7570 ...[] 
 []

Package epstopdf Info: Source file: <Symmetric.eps>
(epstopdf)                    date: 2017-08-05 05:03:19
(epstopdf)                    size: 7071 bytes
(epstopdf)             Output file: <Symmetric-eps-converted-to.pdf>
(epstopdf)                    date: 2017-08-05 05:03:59
(epstopdf)                    size: 3870 bytes
(epstopdf)             Command: <epstopdf --outfile=Symmetric-eps-converted-to.
pdf Symmetric.eps>
(epstopdf)             \includegraphics on input line 195.
Package epstopdf Info: Output file is already uptodate.
<Symmetric-eps-converted-to.pdf, id=18, 505.89pt x 505.89pt>
File: Symmetric-eps-converted-to.pdf Graphic file (type pdf)

<use Symmetric-eps-converted-to.pdf>
Package pdftex.def Info: Symmetric-eps-converted-to.pdf used on input line 195.

(pdftex.def)             Requested size: 362.07182pt x 362.07912pt.

Underfull \hbox (badness 10000) in paragraph at lines 195--207

 []


Overfull \vbox (47.75095pt too high) has occurred while \output is active []


[4]
Overfull \vbox (47.75095pt too high) has occurred while \output is active []


[5 <E:/My Documents/UoA Study/784/assignments/784/Symmetric-eps-converted-to.pd
f>]
Overfull \hbox (5.42497pt too wide) in paragraph at lines 278--278
[]\OT1/cmtt/m/n/10 > ##########################################################
##########[] 
 []


Overfull \hbox (15.92488pt too wide) in paragraph at lines 278--278
[]\OT1/cmtt/m/n/10 +               sample <- if(i==nfold) (max(sample)+1):n els
e sample + m[] 
 []


Overfull \vbox (47.75095pt too high) has occurred while \output is active []


[6]
Overfull \vbox (47.75095pt too high) has occurred while \output is active []


[7]
Overfull \hbox (5.42497pt too wide) in paragraph at lines 356--356
[]\OT1/cmtt/m/n/10 Summary of sample sizes: 10000, 10000, 10000, 10000, 10000, 
10000, ...[] 
 []


Overfull \vbox (47.75095pt too high) has occurred while \output is active []


[8]
Overfull \hbox (63.17447pt too wide) in paragraph at lines 438--438
[]\OT1/cmtt/m/n/10 lm(formula = log(transPrice[1:10000]) ~ grade + yrb + long, 
data = kingCounty.df)[] 
 []


Overfull \hbox (63.17447pt too wide) in paragraph at lines 438--438
[]\OT1/cmtt/m/n/10 lm(formula = log(transPrice[1:10000]) ~ grade + yrb + long, 
data = kingCounty.df)[] 
 []


Overfull \vbox (47.75095pt too high) has occurred while \output is active []


[9]
Overfull \vbox (47.75095pt too high) has occurred while \output is active []


[10] ("E:\My Documents\UoA Study\784\assignments\784\Assignment1_784_final.aux"
) ) 
Here is how much of TeX's memory you used:
 2422 strings out of 495354
 30894 string characters out of 3183691
 92510 words of memory out of 3000000
 5561 multiletter control sequences out of 15000+200000
 12068 words of font info for 47 fonts, out of 3000000 for 9000
 14 hyphenation exceptions out of 8191
 42i,7n,23p,631b,246s stack positions out of 5000i,500n,10000p,200000b,50000s
<C:/my/CTEX/MiKTeX/fonts/type1/public/amsfonts/cm/cmbx12.pfb><C:/my/CTEX/MiK
TeX/fonts/type1/public/amsfonts/cm/cmbxti10.pfb><C:/my/CTEX/MiKTeX/fonts/type1/
public/amsfonts/cm/cmr10.pfb><C:/my/CTEX/MiKTeX/fonts/type1/public/amsfonts/cm/
cmr12.pfb><C:/my/CTEX/MiKTeX/fonts/type1/public/amsfonts/cm/cmr17.pfb><C:/my/CT
EX/MiKTeX/fonts/type1/public/amsfonts/cm/cmsy10.pfb><C:/my/CTEX/MiKTeX/fonts/ty
pe1/public/amsfonts/cm/cmtt10.pfb>
Output written on Assignment1_784_final.pdf (10 pages, 120806 bytes).
PDF statistics:
 68 PDF objects out of 1000 (max. 8388607)
 0 named destinations out of 1000 (max. 500000)
 6 words of extra memory for PDF output out of 10000 (max. 10000000)

